{"uuid":"e4875aae-6a9c-4991-a652-7bac9c91b407","historyId":"5b8bfa665e1fcc0e81ea380b66dcb65c","fullName":"SwoopTestSelenide.SwoopTestSeleide","labels":[{"name":"package","value":"SwoopTestSelenide"},{"name":"testClass","value":"SwoopTestSelenide"},{"name":"testMethod","value":"SwoopTestSeleide"},{"name":"parentSuite","value":"Default Suite"},{"name":"suite","value":"designPatterns_homework"},{"name":"subSuite","value":"SwoopTestSelenide"},{"name":"host","value":"Guts"},{"name":"thread","value":"17876@Guts.main(1)"},{"name":"framework","value":"testng"},{"name":"language","value":"java"}],"links":[],"name":"SwoopTestSeleide","status":"failed","statusDetails":{"known":false,"muted":false,"flaky":false,"message":"Invalid element state [By.linkText: კავეა ისთ ფოინთი]: element click intercepted: Element <a href=\"#384933\" class=\"ui-tabs-anchor\" role=\"presentation\" tabindex=\"-1\" id=\"ui-id-5\">...</a> is not clickable at point (444, 12). Other element would receive the click: <div class=\"HeaderContainer container\">...</div>\r\nScreenshot: file:/C:/Users/toros/OneDrive/Desktop/DesignPatterns/designPatterns_homework/build/reports/tests/1685131848079.0.png\r\nPage source: file:/C:/Users/toros/OneDrive/Desktop/DesignPatterns/designPatterns_homework/build/reports/tests/1685131848079.0.html\r\nTimeout: 4 s.\r\nCaused by: ElementClickInterceptedException: element click intercepted: Element <a href=\"#384933\" class=\"ui-tabs-anchor\" role=\"presentation\" tabindex=\"-1\" id=\"ui-id-5\">...</a> is not clickable at point (444, 12). Other element would receive the click: <div class=\"HeaderContainer container\">...</div>","trace":"Invalid element state [By.linkText: კავეა ისთ ფოინთი]: element click intercepted: Element <a href=\"#384933\" class=\"ui-tabs-anchor\" role=\"presentation\" tabindex=\"-1\" id=\"ui-id-5\">...</a> is not clickable at point (444, 12). Other element would receive the click: <div class=\"HeaderContainer container\">...</div>\r\nScreenshot: file:/C:/Users/toros/OneDrive/Desktop/DesignPatterns/designPatterns_homework/build/reports/tests/1685131848079.0.png\r\nPage source: file:/C:/Users/toros/OneDrive/Desktop/DesignPatterns/designPatterns_homework/build/reports/tests/1685131848079.0.html\r\nTimeout: 4 s.\r\nCaused by: ElementClickInterceptedException: element click intercepted: Element <a href=\"#384933\" class=\"ui-tabs-anchor\" role=\"presentation\" tabindex=\"-1\" id=\"ui-id-5\">...</a> is not clickable at point (444, 12). Other element would receive the click: <div class=\"HeaderContainer container\">...</div>\r\n\tat com.codeborne.selenide.impl.ExceptionWrapper.wrap(ExceptionWrapper.java:26)\r\n\tat com.codeborne.selenide.impl.SelenideElementProxy.dispatchAndRetry(SelenideElementProxy.java:154)\r\n\tat com.codeborne.selenide.impl.SelenideElementProxy.invoke(SelenideElementProxy.java:84)\r\n\tat jdk.proxy2/jdk.proxy2.$Proxy6.click(Unknown Source)\r\n\tat withoutPageFactory.steps.OnlyCaveaSelenideSteps.selectingCaveaEast(OnlyCaveaSelenideSteps.java:23)\r\n\tat SwoopTestSelenide.SwoopTestSeleide(SwoopTestSelenide.java:36)\r\n\tat java.base/jdk.internal.reflect.DirectMethodHandleAccessor.invoke(DirectMethodHandleAccessor.java:104)\r\n\tat java.base/java.lang.reflect.Method.invoke(Method.java:577)\r\n\tat org.testng.internal.invokers.MethodInvocationHelper.invokeMethod(MethodInvocationHelper.java:139)\r\n\tat org.testng.internal.invokers.TestInvoker.invokeMethod(TestInvoker.java:677)\r\n\tat org.testng.internal.invokers.TestInvoker.invokeTestMethod(TestInvoker.java:221)\r\n\tat org.testng.internal.invokers.MethodRunner.runInSequence(MethodRunner.java:50)\r\n\tat org.testng.internal.invokers.TestInvoker$MethodInvocationAgent.invoke(TestInvoker.java:969)\r\n\tat org.testng.internal.invokers.TestInvoker.invokeTestMethods(TestInvoker.java:194)\r\n\tat org.testng.internal.invokers.TestMethodWorker.invokeTestMethods(TestMethodWorker.java:148)\r\n\tat org.testng.internal.invokers.TestMethodWorker.run(TestMethodWorker.java:128)\r\n\tat java.base/java.util.ArrayList.forEach(ArrayList.java:1511)\r\n\tat org.testng.TestRunner.privateRun(TestRunner.java:829)\r\n\tat org.testng.TestRunner.run(TestRunner.java:602)\r\n\tat org.testng.SuiteRunner.runTest(SuiteRunner.java:437)\r\n\tat org.testng.SuiteRunner.runSequentially(SuiteRunner.java:431)\r\n\tat org.testng.SuiteRunner.privateRun(SuiteRunner.java:391)\r\n\tat org.testng.SuiteRunner.run(SuiteRunner.java:330)\r\n\tat org.testng.SuiteRunnerWorker.runSuite(SuiteRunnerWorker.java:52)\r\n\tat org.testng.SuiteRunnerWorker.run(SuiteRunnerWorker.java:95)\r\n\tat org.testng.TestNG.runSuitesSequentially(TestNG.java:1256)\r\n\tat org.testng.TestNG.runSuitesLocally(TestNG.java:1176)\r\n\tat org.testng.TestNG.runSuites(TestNG.java:1099)\r\n\tat org.testng.TestNG.run(TestNG.java:1067)\r\n\tat com.intellij.rt.testng.IDEARemoteTestNG.run(IDEARemoteTestNG.java:66)\r\n\tat com.intellij.rt.testng.RemoteTestNGStarter.main(RemoteTestNGStarter.java:105)\r\nCaused by: org.openqa.selenium.ElementClickInterceptedException: element click intercepted: Element <a href=\"#384933\" class=\"ui-tabs-anchor\" role=\"presentation\" tabindex=\"-1\" id=\"ui-id-5\">...</a> is not clickable at point (444, 12). Other element would receive the click: <div class=\"HeaderContainer container\">...</div>\n  (Session info: chrome=113.0.5672.127)\nBuild info: version: '4.9.1', revision: 'eb2032df7f'\nSystem info: os.name: 'Windows 11', os.arch: 'amd64', os.version: '10.0', java.version: '18.0.2.1'\nDriver info: org.openqa.selenium.chrome.ChromeDriver\nCommand: [3262d868375db24efd0bdf148c313c42, clickElement {id=720282A331CE201ABC308DBBD0C64A53_element_167}]\nCapabilities {acceptInsecureCerts: true, browserName: chrome, browserVersion: 113.0.5672.127, chrome: {chromedriverVersion: 113.0.5672.63 (0e1a4471d5ae..., userDataDir: C:\\Users\\toros\\AppData\\Loca...}, goog:chromeOptions: {debuggerAddress: localhost:65457}, networkConnectionEnabled: false, pageLoadStrategy: normal, platformName: windows, proxy: Proxy(), se:cdp: ws://localhost:65457/devtoo..., se:cdpVersion: 113.0.5672.127, setWindowRect: true, strictFileInteractability: false, timeouts: {implicit: 0, pageLoad: 300000, script: 30000}, unhandledPromptBehavior: accept, webauthn:extension:credBlob: true, webauthn:extension:largeBlob: true, webauthn:extension:minPinLength: true, webauthn:extension:prf: true, webauthn:virtualAuthenticators: true}\nElement: [[ChromeDriver: chrome on windows (3262d868375db24efd0bdf148c313c42)] -> link text: კავეა ისთ ფოინთი]\nSession ID: 3262d868375db24efd0bdf148c313c42\r\n\tat java.base/jdk.internal.reflect.DirectConstructorHandleAccessor.newInstance(DirectConstructorHandleAccessor.java:67)\r\n\tat java.base/java.lang.reflect.Constructor.newInstanceWithCaller(Constructor.java:499)\r\n\tat java.base/java.lang.reflect.Constructor.newInstance(Constructor.java:483)\r\n\tat org.openqa.selenium.remote.codec.w3c.W3CHttpResponseCodec.createException(W3CHttpResponseCodec.java:200)\r\n\tat org.openqa.selenium.remote.codec.w3c.W3CHttpResponseCodec.decode(W3CHttpResponseCodec.java:133)\r\n\tat org.openqa.selenium.remote.codec.w3c.W3CHttpResponseCodec.decode(W3CHttpResponseCodec.java:53)\r\n\tat org.openqa.selenium.remote.HttpCommandExecutor.execute(HttpCommandExecutor.java:193)\r\n\tat org.openqa.selenium.remote.service.DriverCommandExecutor.invokeExecute(DriverCommandExecutor.java:183)\r\n\tat org.openqa.selenium.remote.service.DriverCommandExecutor.execute(DriverCommandExecutor.java:158)\r\n\tat org.openqa.selenium.remote.RemoteWebDriver.execute(RemoteWebDriver.java:543)\r\n\tat org.openqa.selenium.remote.RemoteWebElement.execute(RemoteWebElement.java:257)\r\n\tat org.openqa.selenium.remote.RemoteWebElement.click(RemoteWebElement.java:78)\r\n\tat com.codeborne.selenide.commands.Click.defaultClick(Click.java:97)\r\n\tat com.codeborne.selenide.commands.Click.click(Click.java:54)\r\n\tat com.codeborne.selenide.commands.Click.execute(Click.java:31)\r\n\tat com.codeborne.selenide.commands.Click.execute(Click.java:21)\r\n\tat com.codeborne.selenide.commands.Commands.execute(Commands.java:160)\r\n\tat com.codeborne.selenide.impl.SelenideElementProxy.dispatchAndRetry(SelenideElementProxy.java:132)\r\n\t... 29 more\r\n"},"stage":"finished","steps":[],"attachments":[],"parameters":[],"start":1685131836381,"stop":1685131848422}